18:57:01.370 [Daemon worker] INFO  o.a.AndroidAnnotationProcessor:83 - Initialize AndroidAnnotations 3.3.2 with options {androidManifestFile=/Users/liyang/AndroidStudioProjects/Zoom/AndroidVideoCacheSample/build/intermediates/manifests/full/debug/AndroidManifest.xml, resourcePackageName=com.danikula.videocache.sample}
18:57:01.437 [Daemon worker] INFO  o.a.AndroidAnnotationProcessor:107 - Start processing for 9 annotations on 15 elements
18:57:01.447 [Daemon worker] DEBUG o.a.h.AndroidManifestFinder:98 - AndroidManifest.xml file found with specified path: /Users/liyang/AndroidStudioProjects/Zoom/AndroidVideoCacheSample/build/intermediates/manifests/full/debug/AndroidManifest.xml
18:57:01.570 [Daemon worker] INFO  o.a.AndroidAnnotationProcessor:170 - AndroidManifest.xml found: AndroidManifest [applicationPackage=com.danikula.videocache.sample, componentQualifiedNames=[com.danikula.videocache.sample.MenuActivity_, com.danikula.videocache.sample.SingleVideoActivity_, com.danikula.videocache.sample.MultipleVideosActivity_, com.danikula.videocache.sample.VideoGalleryActivity_, com.danikula.videocache.sample.SharedCacheActivity_], permissionQualifiedNames=[android.permission.INTERNET, android.permission.WRITE_EXTERNAL_STORAGE], applicationClassName=com.danikula.videocache.sample.App, libraryProject=false, debugabble=false, minSdkVersion=15, maxSdkVersion=-1, targetSdkVersion=23]
18:57:01.571 [Daemon worker] INFO  o.a.r.ProjectRClassFinder:50 - Found project R class: com.danikula.videocache.sample.R
18:57:01.574 [Daemon worker] INFO  o.a.r.AndroidRClassFinder:44 - Found Android class: android.R
18:57:01.592 [Daemon worker] INFO  o.a.p.ModelValidator:42 - Validating elements
18:57:01.592 [Daemon worker] DEBUG o.a.p.ModelValidator:62 - Validating with EActivityHandler: [com.danikula.videocache.sample.MenuActivity, com.danikula.videocache.sample.MultipleVideosActivity, com.danikula.videocache.sample.SharedCacheActivity, com.danikula.videocache.sample.SingleVideoActivity, com.danikula.videocache.sample.VideoGalleryActivity]
18:57:01.599 [Daemon worker] DEBUG o.a.p.ModelValidator:62 - Validating with EFragmentHandler: [com.danikula.videocache.sample.GalleryVideoFragment, com.danikula.videocache.sample.VideoFragment]
18:57:01.603 [Daemon worker] DEBUG o.a.p.ModelValidator:62 - Validating with ViewByIdHandler: [videoView, progressBar, listView, cacheStatusImageView, videoView, progressBar, viewPager, viewPagerIndicator]
18:57:01.612 [Daemon worker] DEBUG o.a.p.ModelValidator:62 - Validating with ClickHandler: [onClearCacheButtonClick()]
18:57:01.615 [Daemon worker] DEBUG o.a.p.ModelValidator:62 - Validating with ItemClickHandler: [onListItemClicked(int)]
18:57:01.617 [Daemon worker] DEBUG o.a.p.ModelValidator:62 - Validating with FragmentArgHandler: [url, url]
18:57:01.620 [Daemon worker] DEBUG o.a.p.ModelValidator:62 - Validating with SeekBarTouchStopHandler: [seekVideo(), seekVideo()]
18:57:01.621 [Daemon worker] DEBUG o.a.p.ModelValidator:62 - Validating with InstanceStateHandler: [position, playerStarted]
18:57:01.622 [Daemon worker] DEBUG o.a.p.ModelValidator:62 - Validating with AfterViewsHandler: [afterViewInjected(), onViewInjected(), afterViewInjected(), afterViewInjected()]
18:57:01.638 [Daemon worker] INFO  o.a.p.ModelProcessor:74 - Processing root elements
18:57:01.638 [Daemon worker] DEBUG o.a.p.ModelProcessor:176 - Processing root elements EActivityHandler: [com.danikula.videocache.sample.SingleVideoActivity, com.danikula.videocache.sample.MultipleVideosActivity, com.danikula.videocache.sample.VideoGalleryActivity, com.danikula.videocache.sample.MenuActivity, com.danikula.videocache.sample.SharedCacheActivity]
18:57:01.701 [Daemon worker] DEBUG o.a.p.ModelProcessor:176 - Processing root elements EFragmentHandler: [com.danikula.videocache.sample.GalleryVideoFragment, com.danikula.videocache.sample.VideoFragment]
18:57:01.708 [Daemon worker] INFO  o.a.p.ModelProcessor:86 - Processing enclosed elements
18:57:01.717 [Daemon worker] INFO  o.a.AndroidAnnotationProcessor:249 - Number of files generated by AndroidAnnotations: 7
18:57:01.719 [Daemon worker] INFO  o.a.g.ApiCodeGenerator:52 - Writting following API classes in project: []
18:57:01.721 [Daemon worker] DEBUG o.a.g.SourceCodewriter:55 - Generating class: com.danikula.videocache.sample.GalleryVideoFragment_
18:57:01.744 [Daemon worker] DEBUG o.a.g.SourceCodewriter:55 - Generating class: com.danikula.videocache.sample.MenuActivity_
18:57:01.766 [Daemon worker] DEBUG o.a.g.SourceCodewriter:55 - Generating class: com.danikula.videocache.sample.MultipleVideosActivity_
18:57:01.781 [Daemon worker] DEBUG o.a.g.SourceCodewriter:55 - Generating class: com.danikula.videocache.sample.SharedCacheActivity_
18:57:01.793 [Daemon worker] DEBUG o.a.g.SourceCodewriter:55 - Generating class: com.danikula.videocache.sample.SingleVideoActivity_
18:57:01.808 [Daemon worker] DEBUG o.a.g.SourceCodewriter:55 - Generating class: com.danikula.videocache.sample.VideoFragment_
18:57:01.819 [Daemon worker] DEBUG o.a.g.SourceCodewriter:55 - Generating class: com.danikula.videocache.sample.VideoGalleryActivity_
18:57:01.832 [Daemon worker] INFO  o.a.p.TimeStats:81 - Time measurements: [Whole Processing = 395 ms], [Extract Manifest = 125 ms], [Generate Sources = 115 ms], [Process Annotations = 93 ms], [Validate Annotations = 32 ms], [Find R Classes = 13 ms], [Extract Annotations = 7 ms], 
18:57:01.832 [Daemon worker] INFO  o.a.AndroidAnnotationProcessor:121 - Finish processing
